<?xml version="1.0" encoding="UTF-8"?>
<!-- Generated by org.testng.reporters.JUnitReportReporter -->
<testsuite hostname="Mayuri-PC" failures="0" tests="3" name="Cases.ExcelData" time="51.982" errors="0" timestamp="2021-01-21T15:00:11 IST" skipped="0">
  <testcase classname="Cases.ExcelData" name="test1" time="13.261"/>
  <system-out/>
  <testcase classname="Cases.ExcelData" name="test1" time="16.308"/>
  <system-out/>
  <testcase classname="Cases.ExcelData" name="test1" time="22.413"/>
  <system-out/>
</testsuite> <!-- Cases.ExcelData -->
